<?xml version="1.0" encoding="UTF-8"?>
<!-- Generated by org.testng.reporters.JUnitReportReporter -->
<testsuite skipped="0" hostname="ATMECSINLT-002" name="com.cheapticket.testscript.TwoWayFlightBooking" tests="3" failures="0" timestamp="05 Sep 2019 06:49:27 GMT" time="65.656" errors="0">
  <testcase name="openURL" time="0.390" classname="com.cheapticket.testscript.TwoWayFlightBooking"/>
  <testcase name="bookTicket" time="32.442" classname="com.cheapticket.testscript.TwoWayFlightBooking"/>
  <testcase name="bookTicket" time="32.824" classname="com.cheapticket.testscript.TwoWayFlightBooking"/>
</testsuite> <!-- com.cheapticket.testscript.TwoWayFlightBooking -->
