<?xml version="1.0" encoding="UTF-8"?>
<!-- Generated by org.testng.reporters.JUnitReportReporter -->
<testsuite skipped="0" hostname="ATMECSINLT-002" name="com.cheapticket.testscript.OneWayFlightBooking" tests="3" failures="0" timestamp="05 Sep 2019 11:24:16 GMT" time="54.789" errors="0">
  <testcase name="openURL" time="4.293" classname="com.cheapticket.testscript.OneWayFlightBooking"/>
  <testcase name="bookTicket" time="25.840" classname="com.cheapticket.testscript.OneWayFlightBooking"/>
  <testcase name="bookTicket" time="24.656" classname="com.cheapticket.testscript.OneWayFlightBooking"/>
</testsuite> <!-- com.cheapticket.testscript.OneWayFlightBooking -->
